# JRE version: Java(TM) SE Runtime Environment 18.9 (11.0.12+8) (build 11.0.12+8-LTS-237)
# Java VM: Java HotSpot(TM) 64-Bit Server VM 18.9 (11.0.12+8-LTS-237, mixed mode, tiered, compressed oops, g1 gc, windows-amd64)
Heap:
 garbage-first heap   total 152576K, used 71457K [0x0000000084400000, 0x0000000100000000)
  region size 1024K, 59 young (60416K), 6 survivors (6144K)
 Metaspace       used 42652K, capacity 43733K, committed 44028K, reserved 1087488K
  class space    used 5122K, capacity 5552K, committed 5632K, reserved 1048576K
GC Heap History (10 events):
Event: 2.172 GC heap before
{Heap before GC invocations=2 (full 0):
 garbage-first heap   total 126976K, used 69172K [0x0000000084400000, 0x0000000100000000)
  region size 1024K, 63 young (64512K), 5 survivors (5120K)
 Metaspace       used 20801K, capacity 21236K, committed 21248K, reserved 1069056K
  class space    used 2387K, capacity 2548K, committed 2560K, reserved 1048576K
}
Event: 2.178 GC heap after
{Heap after GC invocations=3 (full 0):
 garbage-first heap   total 126976K, used 12770K [0x0000000084400000, 0x0000000100000000)
  region size 1024K, 7 young (7168K), 7 survivors (7168K)
 Metaspace       used 20801K, capacity 21236K, committed 21248K, reserved 1069056K
  class space    used 2387K, capacity 2548K, committed 2560K, reserved 1048576K
}
Event: 3.868 GC heap before
{Heap before GC invocations=4 (full 0):
 garbage-first heap   total 126976K, used 81378K [0x0000000084400000, 0x0000000100000000)
  region size 1024K, 74 young (75776K), 7 survivors (7168K)
 Metaspace       used 27898K, capacity 28613K, committed 28924K, reserved 1075200K
  class space    used 3232K, capacity 3476K, committed 3584K, reserved 1048576K
}
Event: 3.882 GC heap after
{Heap after GC invocations=5 (full 0):
 garbage-first heap   total 126976K, used 14997K [0x0000000084400000, 0x0000000100000000)
  region size 1024K, 6 young (6144K), 6 survivors (6144K)
 Metaspace       used 27898K, capacity 28613K, committed 28924K, reserved 1075200K
  class space    used 3232K, capacity 3476K, committed 3584K, reserved 1048576K
}
Event: 4.239 GC heap before
{Heap before GC invocations=5 (full 0):
 garbage-first heap   total 126976K, used 83605K [0x0000000084400000, 0x0000000100000000)
  region size 1024K, 74 young (75776K), 6 survivors (6144K)
 Metaspace       used 29768K, capacity 30561K, committed 30716K, reserved 1077248K
  class space    used 3464K, capacity 3766K, committed 3840K, reserved 1048576K
}
Event: 4.247 GC heap after
{Heap after GC invocations=6 (full 0):
 garbage-first heap   total 126976K, used 16170K [0x0000000084400000, 0x0000000100000000)
  region size 1024K, 7 young (7168K), 7 survivors (7168K)
 Metaspace       used 29768K, capacity 30561K, committed 30716K, reserved 1077248K
  class space    used 3464K, capacity 3766K, committed 3840K, reserved 1048576K
}
Event: 4.811 GC heap before
{Heap before GC invocations=6 (full 0):
 garbage-first heap   total 126976K, used 84778K [0x0000000084400000, 0x0000000100000000)
  region size 1024K, 74 young (75776K), 7 survivors (7168K)
 Metaspace       used 33725K, capacity 34529K, committed 34812K, reserved 1079296K
  class space    used 3923K, capacity 4254K, committed 4352K, reserved 1048576K
}
Event: 4.819 GC heap after
{Heap after GC invocations=7 (full 0):
 garbage-first heap   total 152576K, used 18489K [0x0000000084400000, 0x0000000100000000)
  region size 1024K, 6 young (6144K), 6 survivors (6144K)
 Metaspace       used 33725K, capacity 34529K, committed 34812K, reserved 1079296K
  class space    used 3923K, capacity 4254K, committed 4352K, reserved 1048576K
}
Event: 5.013 GC heap before
{Heap before GC invocations=7 (full 0):
 garbage-first heap   total 152576K, used 35897K [0x0000000084400000, 0x0000000100000000)
  region size 1024K, 24 young (24576K), 6 survivors (6144K)
 Metaspace       used 35110K, capacity 35901K, committed 35964K, reserved 1081344K
  class space    used 4108K, capacity 4453K, committed 4480K, reserved 1048576K
}
Event: 5.019 GC heap after
{Heap after GC invocations=8 (full 0):
 garbage-first heap   total 152576K, used 18209K [0x0000000084400000, 0x0000000100000000)
  region size 1024K, 6 young (6144K), 6 survivors (6144K)
 Metaspace       used 35110K, capacity 35901K, committed 35964K, reserved 1081344K
  class space    used 4108K, capacity 4453K, committed 4480K, reserved 1048576K
}

