# JRE version: Java(TM) SE Runtime Environment 18.9 (11.0.12+8) (build 11.0.12+8-LTS-237)
# Java VM: Java HotSpot(TM) 64-Bit Server VM 18.9 (11.0.12+8-LTS-237, mixed mode, tiered, compressed oops, g1 gc, windows-amd64)
Heap:
 garbage-first heap   total 152576K, used 74986K [0x0000000084400000, 0x0000000100000000)
  region size 1024K, 65 young (66560K), 7 survivors (7168K)
 Metaspace       used 32078K, capacity 32876K, committed 33024K, reserved 1079296K
  class space    used 3745K, capacity 4042K, committed 4096K, reserved 1048576K
GC Heap History (10 events):
Event: 0.399 GC heap before
{Heap before GC invocations=0 (full 0):
 garbage-first heap   total 126976K, used 25600K [0x0000000084400000, 0x0000000100000000)
  region size 1024K, 24 young (24576K), 0 survivors (0K)
 Metaspace       used 9572K, capacity 9755K, committed 9984K, reserved 1058816K
  class space    used 866K, capacity 914K, committed 1024K, reserved 1048576K
}
Event: 0.404 GC heap after
{Heap after GC invocations=1 (full 0):
 garbage-first heap   total 126976K, used 10272K [0x0000000084400000, 0x0000000100000000)
  region size 1024K, 3 young (3072K), 3 survivors (3072K)
 Metaspace       used 9572K, capacity 9755K, committed 9984K, reserved 1058816K
  class space    used 866K, capacity 914K, committed 1024K, reserved 1048576K
}
Event: 0.672 GC heap before
{Heap before GC invocations=1 (full 0):
 garbage-first heap   total 126976K, used 80928K [0x0000000084400000, 0x0000000100000000)
  region size 1024K, 73 young (74752K), 3 survivors (3072K)
 Metaspace       used 14441K, capacity 14749K, committed 14976K, reserved 1062912K
  class space    used 1445K, capacity 1564K, committed 1664K, reserved 1048576K
}
Event: 0.675 GC heap after
{Heap after GC invocations=2 (full 0):
 garbage-first heap   total 126976K, used 11243K [0x0000000084400000, 0x0000000100000000)
  region size 1024K, 4 young (4096K), 4 survivors (4096K)
 Metaspace       used 14441K, capacity 14749K, committed 14976K, reserved 1062912K
  class space    used 1445K, capacity 1564K, committed 1664K, reserved 1048576K
}
Event: 0.991 GC heap before
{Heap before GC invocations=2 (full 0):
 garbage-first heap   total 126976K, used 62443K [0x0000000084400000, 0x0000000100000000)
  region size 1024K, 56 young (57344K), 4 survivors (4096K)
 Metaspace       used 20636K, capacity 21145K, committed 21248K, reserved 1069056K
  class space    used 2296K, capacity 2482K, committed 2560K, reserved 1048576K
}
Event: 0.996 GC heap after
{Heap after GC invocations=3 (full 0):
 garbage-first heap   total 126976K, used 13121K [0x0000000084400000, 0x0000000100000000)
  region size 1024K, 6 young (6144K), 6 survivors (6144K)
 Metaspace       used 20636K, capacity 21145K, committed 21248K, reserved 1069056K
  class space    used 2296K, capacity 2482K, committed 2560K, reserved 1048576K
}
Event: 1.288 GC heap before
{Heap before GC invocations=4 (full 0):
 garbage-first heap   total 126976K, used 79681K [0x0000000084400000, 0x0000000100000000)
  region size 1024K, 72 young (73728K), 6 survivors (6144K)
 Metaspace       used 27895K, capacity 28575K, committed 28928K, reserved 1075200K
  class space    used 3228K, capacity 3483K, committed 3584K, reserved 1048576K
}
Event: 1.296 GC heap after
{Heap after GC invocations=5 (full 0):
 garbage-first heap   total 126976K, used 15004K [0x0000000084400000, 0x0000000100000000)
  region size 1024K, 5 young (5120K), 5 survivors (5120K)
 Metaspace       used 27895K, capacity 28575K, committed 28928K, reserved 1075200K
  class space    used 3228K, capacity 3483K, committed 3584K, reserved 1048576K
}
Event: 1.566 GC heap before
{Heap before GC invocations=5 (full 0):
 garbage-first heap   total 126976K, used 83612K [0x0000000084400000, 0x0000000100000000)
  region size 1024K, 73 young (74752K), 5 survivors (5120K)
 Metaspace       used 30268K, capacity 31033K, committed 31232K, reserved 1077248K
  class space    used 3499K, capacity 3795K, committed 3840K, reserved 1048576K
}
Event: 1.571 GC heap after
{Heap after GC invocations=6 (full 0):
 garbage-first heap   total 152576K, used 16618K [0x0000000084400000, 0x0000000100000000)
  region size 1024K, 7 young (7168K), 7 survivors (7168K)
 Metaspace       used 30268K, capacity 31033K, committed 31232K, reserved 1077248K
  class space    used 3499K, capacity 3795K, committed 3840K, reserved 1048576K
}

