# JRE version: Java(TM) SE Runtime Environment 18.9 (11.0.12+8) (build 11.0.12+8-LTS-237)
# Java VM: Java HotSpot(TM) 64-Bit Server VM 18.9 (11.0.12+8-LTS-237, mixed mode, tiered, compressed oops, g1 gc, windows-amd64)
Heap:
 garbage-first heap   total 183296K, used 27438K [0x0000000084400000, 0x0000000100000000)
  region size 1024K, 9 young (9216K), 9 survivors (9216K)
 Metaspace       used 58809K, capacity 59961K, committed 60160K, reserved 1101824K
  class space    used 7393K, capacity 7836K, committed 7936K, reserved 1048576K
GC Heap History (10 events):
Event: 1.188 GC heap after
{Heap after GC invocations=5 (full 0):
 garbage-first heap   total 126976K, used 15697K [0x0000000084400000, 0x0000000100000000)
  region size 1024K, 5 young (5120K), 5 survivors (5120K)
 Metaspace       used 27672K, capacity 28365K, committed 28544K, reserved 1075200K
  class space    used 3216K, capacity 3436K, committed 3456K, reserved 1048576K
}
Event: 1.432 GC heap before
{Heap before GC invocations=5 (full 0):
 garbage-first heap   total 126976K, used 85329K [0x0000000084400000, 0x0000000100000000)
  region size 1024K, 74 young (75776K), 5 survivors (5120K)
 Metaspace       used 29800K, capacity 30549K, committed 30720K, reserved 1077248K
  class space    used 3462K, capacity 3764K, committed 3840K, reserved 1048576K
}
Event: 1.438 GC heap after
{Heap after GC invocations=6 (full 0):
 garbage-first heap   total 152576K, used 17249K [0x0000000084400000, 0x0000000100000000)
  region size 1024K, 7 young (7168K), 7 survivors (7168K)
 Metaspace       used 29800K, capacity 30549K, committed 30720K, reserved 1077248K
  class space    used 3462K, capacity 3764K, committed 3840K, reserved 1048576K
}
Event: 1.984 GC heap before
{Heap before GC invocations=6 (full 0):
 garbage-first heap   total 152576K, used 99169K [0x0000000084400000, 0x0000000100000000)
  region size 1024K, 87 young (89088K), 7 survivors (7168K)
 Metaspace       used 34609K, capacity 35525K, committed 35712K, reserved 1081344K
  class space    used 4135K, capacity 4464K, committed 4480K, reserved 1048576K
}
Event: 1.991 GC heap after
{Heap after GC invocations=7 (full 0):
 garbage-first heap   total 152576K, used 19545K [0x0000000084400000, 0x0000000100000000)
  region size 1024K, 8 young (8192K), 8 survivors (8192K)
 Metaspace       used 34609K, capacity 35525K, committed 35712K, reserved 1081344K
  class space    used 4135K, capacity 4464K, committed 4480K, reserved 1048576K
}
Event: 2.044 GC heap before
{Heap before GC invocations=7 (full 0):
 garbage-first heap   total 152576K, used 23641K [0x0000000084400000, 0x0000000100000000)
  region size 1024K, 13 young (13312K), 8 survivors (8192K)
 Metaspace       used 34833K, capacity 35713K, committed 35840K, reserved 1081344K
  class space    used 4163K, capacity 4504K, committed 4608K, reserved 1048576K
}
Event: 2.049 GC heap after
{Heap after GC invocations=8 (full 0):
 garbage-first heap   total 152576K, used 19620K [0x0000000084400000, 0x0000000100000000)
  region size 1024K, 6 young (6144K), 6 survivors (6144K)
 Metaspace       used 34833K, capacity 35713K, committed 35840K, reserved 1081344K
  class space    used 4163K, capacity 4504K, committed 4608K, reserved 1048576K
}
Event: 5.189 GC heap before
{Heap before GC invocations=9 (full 0):
 garbage-first heap   total 152576K, used 104612K [0x0000000084400000, 0x0000000100000000)
  region size 1024K, 89 young (91136K), 6 survivors (6144K)
 Metaspace       used 47128K, capacity 48251K, committed 48384K, reserved 1091584K
  class space    used 5869K, capacity 6337K, committed 6400K, reserved 1048576K
}
Event: 5.196 GC heap after
{Heap after GC invocations=10 (full 0):
 garbage-first heap   total 152576K, used 24100K [0x0000000084400000, 0x0000000100000000)
  region size 1024K, 11 young (11264K), 11 survivors (11264K)
 Metaspace       used 47128K, capacity 48251K, committed 48384K, reserved 1091584K
  class space    used 5869K, capacity 6337K, committed 6400K, reserved 1048576K
}
Event: 6.425 GC heap before
{Heap before GC invocations=10 (full 0):
 garbage-first heap   total 152576K, used 103972K [0x0000000084400000, 0x0000000100000000)
  region size 1024K, 89 young (91136K), 11 survivors (11264K)
 Metaspace       used 58809K, capacity 59961K, committed 60160K, reserved 1101824K
  class space    used 7393K, capacity 7836K, committed 7936K, reserved 1048576K
}

