# JRE version: Java(TM) SE Runtime Environment 18.9 (11.0.12+8) (build 11.0.12+8-LTS-237)
# Java VM: Java HotSpot(TM) 64-Bit Server VM 18.9 (11.0.12+8-LTS-237, mixed mode, tiered, compressed oops, g1 gc, windows-amd64)
Heap:
 garbage-first heap   total 183296K, used 26371K [0x0000000084400000, 0x0000000100000000)
  region size 1024K, 9 young (9216K), 9 survivors (9216K)
 Metaspace       used 58925K, capacity 60059K, committed 60160K, reserved 1101824K
  class space    used 7419K, capacity 7898K, committed 7936K, reserved 1048576K
GC Heap History (10 events):
Event: 2.483 GC heap after
{Heap after GC invocations=5 (full 0):
 garbage-first heap   total 126976K, used 15295K [0x0000000084400000, 0x0000000100000000)
  region size 1024K, 5 young (5120K), 5 survivors (5120K)
 Metaspace       used 27698K, capacity 28347K, committed 28544K, reserved 1075200K
  class space    used 3208K, capacity 3436K, committed 3456K, reserved 1048576K
}
Event: 2.974 GC heap before
{Heap before GC invocations=5 (full 0):
 garbage-first heap   total 126976K, used 84927K [0x0000000084400000, 0x0000000100000000)
  region size 1024K, 74 young (75776K), 5 survivors (5120K)
 Metaspace       used 29825K, capacity 30564K, committed 30720K, reserved 1077248K
  class space    used 3453K, capacity 3732K, committed 3840K, reserved 1048576K
}
Event: 2.981 GC heap after
{Heap after GC invocations=6 (full 0):
 garbage-first heap   total 152576K, used 16877K [0x0000000084400000, 0x0000000100000000)
  region size 1024K, 7 young (7168K), 7 survivors (7168K)
 Metaspace       used 29825K, capacity 30564K, committed 30720K, reserved 1077248K
  class space    used 3453K, capacity 3732K, committed 3840K, reserved 1048576K
}
Event: 3.900 GC heap before
{Heap before GC invocations=6 (full 0):
 garbage-first heap   total 152576K, used 100845K [0x0000000084400000, 0x0000000100000000)
  region size 1024K, 89 young (91136K), 7 survivors (7168K)
 Metaspace       used 34693K, capacity 35511K, committed 35712K, reserved 1081344K
  class space    used 4136K, capacity 4464K, committed 4480K, reserved 1048576K
}
Event: 3.908 GC heap after
{Heap after GC invocations=7 (full 0):
 garbage-first heap   total 152576K, used 19425K [0x0000000084400000, 0x0000000100000000)
  region size 1024K, 9 young (9216K), 9 survivors (9216K)
 Metaspace       used 34693K, capacity 35511K, committed 35712K, reserved 1081344K
  class space    used 4136K, capacity 4464K, committed 4480K, reserved 1048576K
}
Event: 3.978 GC heap before
{Heap before GC invocations=7 (full 0):
 garbage-first heap   total 152576K, used 22497K [0x0000000084400000, 0x0000000100000000)
  region size 1024K, 13 young (13312K), 9 survivors (9216K)
 Metaspace       used 34871K, capacity 35698K, committed 35840K, reserved 1081344K
  class space    used 4159K, capacity 4504K, committed 4608K, reserved 1048576K
}
Event: 3.986 GC heap after
{Heap after GC invocations=8 (full 0):
 garbage-first heap   total 152576K, used 19480K [0x0000000084400000, 0x0000000100000000)
  region size 1024K, 7 young (7168K), 7 survivors (7168K)
 Metaspace       used 34871K, capacity 35698K, committed 35840K, reserved 1081344K
  class space    used 4159K, capacity 4504K, committed 4608K, reserved 1048576K
}
Event: 5.948 GC heap before
{Heap before GC invocations=9 (full 0):
 garbage-first heap   total 152576K, used 103448K [0x0000000084400000, 0x0000000100000000)
  region size 1024K, 89 young (91136K), 7 survivors (7168K)
 Metaspace       used 46141K, capacity 47239K, committed 47488K, reserved 1091584K
  class space    used 5741K, capacity 6196K, committed 6272K, reserved 1048576K
}
Event: 5.957 GC heap after
{Heap after GC invocations=10 (full 0):
 garbage-first heap   total 152576K, used 23320K [0x0000000084400000, 0x0000000100000000)
  region size 1024K, 10 young (10240K), 10 survivors (10240K)
 Metaspace       used 46141K, capacity 47239K, committed 47488K, reserved 1091584K
  class space    used 5741K, capacity 6196K, committed 6272K, reserved 1048576K
}
Event: 21.476 GC heap before
{Heap before GC invocations=10 (full 0):
 garbage-first heap   total 152576K, used 98072K [0x0000000084400000, 0x0000000100000000)
  region size 1024K, 84 young (86016K), 10 survivors (10240K)
 Metaspace       used 58925K, capacity 60059K, committed 60160K, reserved 1101824K
  class space    used 7419K, capacity 7898K, committed 7936K, reserved 1048576K
}

